2018-02-14 17:48:34,815 INFO o.a.j.u.JMeterUtils: Setting Locale to en_US
2018-02-14 17:48:34,826 INFO o.a.j.JMeter: Loading user properties from: C:\Programs\JMeter\apache-jmeter-3.3\bin\user.properties
2018-02-14 17:48:34,828 INFO o.a.j.JMeter: Loading system properties from: C:\Programs\JMeter\apache-jmeter-3.3\bin\system.properties
2018-02-14 17:48:34,828 INFO o.a.j.JMeter: Setting JMeter property: search_paths=C:\David\HP\PandS\ACI\Simulap\code_git\simulap-plugin-sip-maven\simulap-plugin-sip\target
2018-02-14 17:48:34,829 INFO o.a.j.JMeter: Setting JMeter property: plugin_dependency_paths=C:\David\HP\PandS\ACI\Simulap\code_git\simulap-plugin-sip-maven\simulap-plugin-sip\target/dependencies
2018-02-14 17:48:34,829 INFO o.a.j.JMeter: Setting System property: simulap.sip.dictionary.path=C:\David\HP\PandS\ACI\Simulap\code_git\simulap-plugin-sip-maven\simulap-plugin-sip/resources/opt/simulap_manager/simulap/simulap-jmeter-sip/dictionnaries
2018-02-14 17:48:34,834 INFO o.a.j.JMeter: Copyright (c) 1998-2017 The Apache Software Foundation
2018-02-14 17:48:34,834 INFO o.a.j.JMeter: Version 3.3 r1808647
2018-02-14 17:48:34,834 INFO o.a.j.JMeter: java.version=1.8.0_121
2018-02-14 17:48:34,834 INFO o.a.j.JMeter: java.vm.name=Java HotSpot(TM) 64-Bit Server VM
2018-02-14 17:48:34,834 INFO o.a.j.JMeter: os.name=Windows 10
2018-02-14 17:48:34,834 INFO o.a.j.JMeter: os.arch=amd64
2018-02-14 17:48:34,834 INFO o.a.j.JMeter: os.version=10.0
2018-02-14 17:48:34,834 INFO o.a.j.JMeter: file.encoding=Cp1252
2018-02-14 17:48:34,834 INFO o.a.j.JMeter: Max memory     =536870912
2018-02-14 17:48:34,835 INFO o.a.j.JMeter: Available Processors =8
2018-02-14 17:48:34,867 INFO o.a.j.JMeter: Default Locale=English (United States)
2018-02-14 17:48:34,867 INFO o.a.j.JMeter: JMeter  Locale=English (United States)
2018-02-14 17:48:34,867 INFO o.a.j.JMeter: JMeterHome=C:\Programs\JMeter\apache-jmeter-3.3
2018-02-14 17:48:34,867 INFO o.a.j.JMeter: user.dir  =C:\David\HP\PandS\ACI\Simulap\code_git\simulap-plugin-sip-maven\simulap-plugin-sip
2018-02-14 17:48:34,869 INFO o.a.j.JMeter: PWD       =C:\David\HP\PandS\ACI\Simulap\code_git\simulap-plugin-sip-maven\simulap-plugin-sip
2018-02-14 17:48:34,871 INFO o.a.j.JMeter: IP: 10.39.9.151 Name: PABFQ0ZWC3 FullName: PABFQ0ZWC3.emea.hpqcorp.net
2018-02-14 17:48:34,872 INFO o.a.j.JMeter: search_paths=C:\David\HP\PandS\ACI\Simulap\code_git\simulap-plugin-sip-maven\simulap-plugin-sip\target
2018-02-14 17:48:34,872 INFO o.a.j.JMeter: Adding to classpath and loader: C:\David\HP\PandS\ACI\Simulap\code_git\simulap-plugin-sip-maven\simulap-plugin-sip\target
2018-02-14 17:48:34,873 INFO o.a.j.JMeter: plugin_dependency_paths=C:\David\HP\PandS\ACI\Simulap\code_git\simulap-plugin-sip-maven\simulap-plugin-sip\target/dependencies
2018-02-14 17:48:34,874 INFO o.a.j.JMeter: Adding to loader: C:\David\HP\PandS\ACI\Simulap\code_git\simulap-plugin-sip-maven\simulap-plugin-sip\target/dependencies
2018-02-14 17:48:35,650 INFO o.a.j.g.a.LookAndFeelCommand: Using look and feel: javax.swing.plaf.metal.MetalLookAndFeel [Metal, CrossPlatform]
2018-02-14 17:48:35,654 INFO o.a.j.JMeter: Loaded icon properties from org/apache/jmeter/images/icon.properties
2018-02-14 17:48:43,030 INFO o.a.j.e.u.CompoundVariable: Note: Function class names must contain the string: '.functions.'
2018-02-14 17:48:43,030 INFO o.a.j.e.u.CompoundVariable: Note: Function class names must not contain the string: '.gui.'
2018-02-14 17:48:47,691 INFO o.a.j.g.u.MenuFactory: Skipping org.apache.jmeter.assertions.BSFAssertion
2018-02-14 17:48:48,891 INFO o.a.j.g.u.MenuFactory: Skipping org.apache.jmeter.extractor.BSFPostProcessor
2018-02-14 17:48:48,954 INFO o.a.j.g.u.MenuFactory: Skipping org.apache.jmeter.modifiers.BSFPreProcessor
2018-02-14 17:48:48,995 INFO o.a.j.p.h.s.HTTPSamplerBase: Parser for text/html is org.apache.jmeter.protocol.http.parser.LagartoBasedHtmlParser
2018-02-14 17:48:48,996 INFO o.a.j.p.h.s.HTTPSamplerBase: Parser for application/xhtml+xml is org.apache.jmeter.protocol.http.parser.LagartoBasedHtmlParser
2018-02-14 17:48:48,996 INFO o.a.j.p.h.s.HTTPSamplerBase: Parser for application/xml is org.apache.jmeter.protocol.http.parser.LagartoBasedHtmlParser
2018-02-14 17:48:48,996 INFO o.a.j.p.h.s.HTTPSamplerBase: Parser for text/xml is org.apache.jmeter.protocol.http.parser.LagartoBasedHtmlParser
2018-02-14 17:48:48,997 INFO o.a.j.p.h.s.HTTPSamplerBase: Parser for text/vnd.wap.wml is org.apache.jmeter.protocol.http.parser.RegexpHTMLParser
2018-02-14 17:48:48,998 INFO o.a.j.p.h.s.HTTPSamplerBase: Parser for text/css is org.apache.jmeter.protocol.http.parser.CssParser
2018-02-14 17:48:50,288 INFO o.a.j.e.KeyToolUtils: keytool found at 'keytool'
2018-02-14 17:48:50,290 INFO o.a.j.p.h.p.ProxyControl: HTTP(S) Test Script Recorder SSL Proxy will use keys that support embedded 3rd party resources in file C:\Programs\JMeter\apache-jmeter-3.3\bin\proxyserver.jks
2018-02-14 17:48:50,953 INFO o.a.j.g.u.MenuFactory: Skipping org.apache.jmeter.protocol.java.sampler.BSFSampler
2018-02-14 17:48:51,048 INFO o.a.j.s.FileServer: Default base='C:\David\HP\PandS\ACI\Simulap\code_git\simulap-plugin-sip-maven\simulap-plugin-sip'
2018-02-14 17:48:51,239 INFO o.a.j.g.u.MenuFactory: Skipping org.apache.jmeter.protocol.mongodb.config.MongoSourceElement
2018-02-14 17:48:51,239 INFO o.a.j.g.u.MenuFactory: Skipping org.apache.jmeter.protocol.mongodb.sampler.MongoScriptSampler
2018-02-14 17:48:51,253 WARN o.a.j.t.BeanInfoSupport: Localized strings not available for bean class org.apache.jmeter.protocol.sip.config.SipNodeElement
java.util.MissingResourceException: Can't find bundle for base name org.apache.jmeter.protocol.sip.config.SipNodeElementResources, locale en_US
	at java.util.ResourceBundle.throwMissingResourceException(ResourceBundle.java:1564) ~[?:1.8.0_121]
	at java.util.ResourceBundle.getBundleImpl(ResourceBundle.java:1387) ~[?:1.8.0_121]
	at java.util.ResourceBundle.getBundle(ResourceBundle.java:845) ~[?:1.8.0_121]
	at org.apache.jmeter.testbeans.BeanInfoSupport.<init>(BeanInfoSupport.java:125) ~[ApacheJMeter_core.jar:3.3 r1808647]
	at org.apache.jmeter.protocol.sip.config.SipNodeElementBeanInfo.<init>(SipNodeElementBeanInfo.java:24) ~[simulap-plugin-sip-0.0-00.jar:?]
	at sun.reflect.NativeConstructorAccessorImpl.newInstance0(Native Method) ~[?:1.8.0_121]
	at sun.reflect.NativeConstructorAccessorImpl.newInstance(NativeConstructorAccessorImpl.java:62) ~[?:1.8.0_121]
	at sun.reflect.DelegatingConstructorAccessorImpl.newInstance(DelegatingConstructorAccessorImpl.java:45) ~[?:1.8.0_121]
	at java.lang.reflect.Constructor.newInstance(Constructor.java:423) ~[?:1.8.0_121]
	at java.lang.Class.newInstance(Class.java:442) ~[?:1.8.0_121]
	at com.sun.beans.finder.InstanceFinder.instantiate(InstanceFinder.java:96) ~[?:1.8.0_121]
	at com.sun.beans.finder.InstanceFinder.find(InstanceFinder.java:66) ~[?:1.8.0_121]
	at java.beans.Introspector.findExplicitBeanInfo(Introspector.java:448) ~[?:1.8.0_121]
	at java.beans.Introspector.<init>(Introspector.java:398) ~[?:1.8.0_121]
	at java.beans.Introspector.getBeanInfo(Introspector.java:173) ~[?:1.8.0_121]
	at org.apache.jmeter.testbeans.gui.TestBeanGUI.<init>(TestBeanGUI.java:168) ~[ApacheJMeter_core.jar:3.3 r1808647]
	at org.apache.jmeter.gui.util.MenuFactory.initializeMenus(MenuFactory.java:501) ~[ApacheJMeter_core.jar:3.3 r1808647]
	at org.apache.jmeter.gui.util.MenuFactory.<clinit>(MenuFactory.java:169) ~[ApacheJMeter_core.jar:3.3 r1808647]
	at org.apache.jmeter.control.gui.TestPlanGui.createPopupMenu(TestPlanGui.java:93) ~[ApacheJMeter_core.jar:3.3 r1808647]
	at org.apache.jmeter.gui.tree.JMeterTreeNode.createPopupMenu(JMeterTreeNode.java:156) ~[ApacheJMeter_core.jar:3.3 r1808647]
	at org.apache.jmeter.gui.action.EditCommand.doAction(EditCommand.java:46) ~[ApacheJMeter_core.jar:3.3 r1808647]
	at org.apache.jmeter.gui.action.ActionRouter.performAction(ActionRouter.java:80) ~[ApacheJMeter_core.jar:3.3 r1808647]
	at org.apache.jmeter.gui.action.ActionRouter.lambda$actionPerformed$0(ActionRouter.java:65) ~[ApacheJMeter_core.jar:3.3 r1808647]
	at java.awt.event.InvocationEvent.dispatch(InvocationEvent.java:311) [?:1.8.0_121]
	at java.awt.EventQueue.dispatchEventImpl(EventQueue.java:756) [?:1.8.0_121]
	at java.awt.EventQueue.access$500(EventQueue.java:97) [?:1.8.0_121]
	at java.awt.EventQueue$3.run(EventQueue.java:709) [?:1.8.0_121]
	at java.awt.EventQueue$3.run(EventQueue.java:703) [?:1.8.0_121]
	at java.security.AccessController.doPrivileged(Native Method) ~[?:1.8.0_121]
	at java.security.ProtectionDomain$JavaSecurityAccessImpl.doIntersectionPrivilege(ProtectionDomain.java:80) [?:1.8.0_121]
	at java.awt.EventQueue.dispatchEvent(EventQueue.java:726) [?:1.8.0_121]
	at java.awt.EventDispatchThread.pumpOneEventForFilters(EventDispatchThread.java:201) [?:1.8.0_121]
	at java.awt.EventDispatchThread.pumpEventsForFilter(EventDispatchThread.java:116) [?:1.8.0_121]
	at java.awt.EventDispatchThread.pumpEventsForHierarchy(EventDispatchThread.java:105) [?:1.8.0_121]
	at java.awt.EventDispatchThread.pumpEvents(EventDispatchThread.java:101) [?:1.8.0_121]
	at java.awt.EventDispatchThread.pumpEvents(EventDispatchThread.java:93) [?:1.8.0_121]
	at java.awt.EventDispatchThread.run(EventDispatchThread.java:82) [?:1.8.0_121]
2018-02-14 17:48:52,372 INFO o.a.j.g.u.MenuFactory: Skipping org.apache.jmeter.timers.BSFTimer
2018-02-14 17:48:52,412 INFO o.a.j.g.u.MenuFactory: Skipping org.apache.jmeter.visualizers.BSFListener
2018-02-14 17:48:52,831 INFO o.a.j.s.SampleResult: Note: Sample TimeStamps are START times
2018-02-14 17:48:52,831 INFO o.a.j.s.SampleResult: sampleresult.default.encoding is set to ISO-8859-1
2018-02-14 17:48:52,832 INFO o.a.j.s.SampleResult: sampleresult.useNanoTime=true
2018-02-14 17:48:52,832 INFO o.a.j.s.SampleResult: sampleresult.nanoThreadSleep=5000
